2019-10-16 12:43:31,118 INFO s.u.u.c.m.MessagingProvider MessagingProvider starting...
2019-10-16 12:43:31,120 INFO s.u.u.c.m.s.MessagingModuleStarterImp RabbitMqMessagingFactory found as implemetation for MessagingFactory
2019-10-16 12:43:31,121 INFO s.u.u.c.m.MessagingProvider MessagingProvider started
2019-10-16 12:44:55,107 INFO s.u.u.c.i.IndexMessageReceiver Index workOrder created for type: place and id: alvin-place:2
2019-10-16 12:57:55,419 INFO s.u.u.c.m.MessagingProvider MessagingProvider starting...
2019-10-16 12:57:55,422 INFO s.u.u.c.m.s.MessagingModuleStarterImp RabbitMqMessagingFactory found as implemetation for MessagingFactory
2019-10-16 12:57:55,422 INFO s.u.u.c.m.MessagingProvider MessagingProvider started
2019-10-16 13:34:55,336 INFO s.u.u.c.m.MessagingProvider MessagingProvider starting...
2019-10-16 13:34:55,338 INFO s.u.u.c.m.s.MessagingModuleStarterImp RabbitMqMessagingFactory found as implemetation for MessagingFactory
2019-10-16 13:34:55,339 INFO s.u.u.c.m.MessagingProvider MessagingProvider started
2019-10-16 13:35:14,474 ERROR s.u.u.c.i.IndexMessageReceiver Index workOrder NOT created for type: place and id: alvin-place:2
2019-10-16 13:35:24,111 ERROR s.u.u.c.i.IndexMessageReceiver Index workOrder NOT created for type: place and id: alvin-place:2
2019-10-16 13:38:46,351 ERROR s.u.u.c.i.IndexMessageReceiver Index workOrder NOT created for type: place and id: alvin-place:2
2019-10-16 13:41:18,311 ERROR s.u.u.c.i.IndexMessageReceiver Index workOrder NOT created for type: place and id: alvin-place:2
2019-10-16 13:42:36,182 ERROR s.u.u.c.i.IndexMessageReceiver Index workOrder NOT created for type: place and id: alvin-place:2
2019-10-16 13:43:06,907 ERROR s.u.u.c.i.IndexMessageReceiver Index workOrder NOT created for type: place and id: alvin-place:2
2019-10-16 13:47:13,649 ERROR s.u.u.c.i.IndexMessageReceiver Index workOrder NOT created for type: place and id: alvin-place:2
2019-10-16 13:47:40,202 ERROR s.u.u.c.i.IndexMessageReceiver Index workOrder NOT created for type: place and id: alvin-place:2
2019-10-16 13:48:50,612 ERROR s.u.u.c.i.IndexMessageReceiver Index workOrder NOT created for type: place and id: alvin-place:2
2019-10-16 14:04:39,384 INFO s.u.u.c.m.MessagingProvider MessagingProvider starting...
2019-10-16 14:04:39,388 INFO s.u.u.c.m.s.MessagingModuleStarterImp RabbitMqMessagingFactory found as implemetation for MessagingFactory
2019-10-16 14:04:39,389 INFO s.u.u.c.m.MessagingProvider MessagingProvider started
2019-10-16 14:04:47,029 ERROR s.u.u.c.i.IndexMessageReceiver Index workOrder NOT created for type: place and id: alvin-place:2
se.uu.ub.cora.javaclient.cora.CoraClientException: Could not create record of type: workOrder from server using url: http://localhost:8081/alvin/rest/record/workOrder. Returned error was: Record not found for type: place and id: alvin-place:2
	at se.uu.ub.cora.javaclient.RestClientImp.createRecordFromJson(RestClientImp.java:95) ~[classes/:?]
	at se.uu.ub.cora.javaclient.CoraClientImp.create(CoraClientImp.java:56) ~[classes/:?]
	at se.uu.ub.cora.javaclient.CoraClientImp.create(CoraClientImp.java:67) ~[classes/:?]
	at se.uu.ub.cora.indexmessenger.IndexMessageReceiver.createWorkOrder(IndexMessageReceiver.java:59) ~[cora-indexmessenger-1.0-SNAPSHOT.jar:?]
	at se.uu.ub.cora.indexmessenger.IndexMessageReceiver.receiveMessage(IndexMessageReceiver.java:51) ~[cora-indexmessenger-1.0-SNAPSHOT.jar:?]
	at se.uu.ub.cora.rabbitmq.RabbitMqTopicListener.lambda$getDeliverCallback$1(RabbitMqTopicListener.java:110) ~[cora-rabbitmq-1.1-SNAPSHOT.jar:?]
	at com.rabbitmq.client.impl.recovery.AutorecoveringChannel$2.handleDelivery(AutorecoveringChannel.java:577) [amqp-client-5.6.0.jar:?]
	at com.rabbitmq.client.impl.ConsumerDispatcher$5.run(ConsumerDispatcher.java:149) [amqp-client-5.6.0.jar:?]
	at com.rabbitmq.client.impl.ConsumerWorkService$WorkPoolRunnable.run(ConsumerWorkService.java:104) [amqp-client-5.6.0.jar:?]
	at java.util.concurrent.ThreadPoolExecutor.runWorker(ThreadPoolExecutor.java:1128) [?:?]
	at java.util.concurrent.ThreadPoolExecutor$Worker.run(ThreadPoolExecutor.java:628) [?:?]
	at java.lang.Thread.run(Thread.java:835) [?:?]
2019-10-16 14:05:16,409 ERROR s.u.u.c.i.IndexMessageReceiver Index workOrder NOT created for type: place and id: alvin-place:2
se.uu.ub.cora.javaclient.cora.CoraClientException: Could not create record of type: workOrder from server using url: http://localhost:8081/alvin/rest/record/workOrder. Returned error was: Record not found for type: place and id: alvin-place:2
	at se.uu.ub.cora.javaclient.RestClientImp.createRecordFromJson(RestClientImp.java:95) ~[classes/:?]
	at se.uu.ub.cora.javaclient.CoraClientImp.create(CoraClientImp.java:56) ~[classes/:?]
	at se.uu.ub.cora.javaclient.CoraClientImp.create(CoraClientImp.java:67) ~[classes/:?]
	at se.uu.ub.cora.indexmessenger.IndexMessageReceiver.createWorkOrder(IndexMessageReceiver.java:59) ~[cora-indexmessenger-1.0-SNAPSHOT.jar:?]
	at se.uu.ub.cora.indexmessenger.IndexMessageReceiver.receiveMessage(IndexMessageReceiver.java:51) ~[cora-indexmessenger-1.0-SNAPSHOT.jar:?]
	at se.uu.ub.cora.rabbitmq.RabbitMqTopicListener.lambda$getDeliverCallback$1(RabbitMqTopicListener.java:110) ~[cora-rabbitmq-1.1-SNAPSHOT.jar:?]
	at com.rabbitmq.client.impl.recovery.AutorecoveringChannel$2.handleDelivery(AutorecoveringChannel.java:577) [amqp-client-5.6.0.jar:?]
	at com.rabbitmq.client.impl.ConsumerDispatcher$5.run(ConsumerDispatcher.java:149) [amqp-client-5.6.0.jar:?]
	at com.rabbitmq.client.impl.ConsumerWorkService$WorkPoolRunnable.run(ConsumerWorkService.java:104) [amqp-client-5.6.0.jar:?]
	at java.util.concurrent.ThreadPoolExecutor.runWorker(ThreadPoolExecutor.java:1128) [?:?]
	at java.util.concurrent.ThreadPoolExecutor$Worker.run(ThreadPoolExecutor.java:628) [?:?]
	at java.lang.Thread.run(Thread.java:835) [?:?]
2019-10-16 14:05:18,761 ERROR s.u.u.c.i.IndexMessageReceiver Index workOrder NOT created for type: place and id: alvin-place:2
se.uu.ub.cora.javaclient.cora.CoraClientException: Could not create record of type: workOrder from server using url: http://localhost:8081/alvin/rest/record/workOrder. Returned error was: Record not found for type: place and id: alvin-place:2
	at se.uu.ub.cora.javaclient.RestClientImp.createRecordFromJson(RestClientImp.java:95) ~[classes/:?]
	at se.uu.ub.cora.javaclient.CoraClientImp.create(CoraClientImp.java:56) ~[classes/:?]
	at se.uu.ub.cora.javaclient.CoraClientImp.create(CoraClientImp.java:67) ~[classes/:?]
	at se.uu.ub.cora.indexmessenger.IndexMessageReceiver.createWorkOrder(IndexMessageReceiver.java:59) ~[cora-indexmessenger-1.0-SNAPSHOT.jar:?]
	at se.uu.ub.cora.indexmessenger.IndexMessageReceiver.receiveMessage(IndexMessageReceiver.java:51) ~[cora-indexmessenger-1.0-SNAPSHOT.jar:?]
	at se.uu.ub.cora.rabbitmq.RabbitMqTopicListener.lambda$getDeliverCallback$1(RabbitMqTopicListener.java:110) ~[cora-rabbitmq-1.1-SNAPSHOT.jar:?]
	at com.rabbitmq.client.impl.recovery.AutorecoveringChannel$2.handleDelivery(AutorecoveringChannel.java:577) [amqp-client-5.6.0.jar:?]
	at com.rabbitmq.client.impl.ConsumerDispatcher$5.run(ConsumerDispatcher.java:149) [amqp-client-5.6.0.jar:?]
	at com.rabbitmq.client.impl.ConsumerWorkService$WorkPoolRunnable.run(ConsumerWorkService.java:104) [amqp-client-5.6.0.jar:?]
	at java.util.concurrent.ThreadPoolExecutor.runWorker(ThreadPoolExecutor.java:1128) [?:?]
	at java.util.concurrent.ThreadPoolExecutor$Worker.run(ThreadPoolExecutor.java:628) [?:?]
	at java.lang.Thread.run(Thread.java:835) [?:?]
